<?xml version="1.0" encoding="UTF-8"?>
<testsuite xmlns:xsi="http://www.w3.org/2001/XMLSchema-instance" xsi:schemaLocation="https://maven.apache.org/surefire/maven-surefire-plugin/xsd/surefire-test-report.xsd" name="com.company.modelTests.RecipeModelTest" time="0.158" tests="41" errors="0" skipped="0" failures="0">
  <properties>
[...]
</properties>
  <testcase name="validateCorrectCuisine{Cuisine}[1]" classname="com.company.modelTests.RecipeModelTest" time="0.048"/>
  <testcase name="validateCorrectCuisine{Cuisine}[2]" classname="com.company.modelTests.RecipeModelTest" time="0.001"/>
  <testcase name="validateCorrectCuisine{Cuisine}[3]" classname="com.company.modelTests.RecipeModelTest" time="0.001"/>
  <testcase name="validateCorrectCuisine{Cuisine}[4]" classname="com.company.modelTests.RecipeModelTest" time="0.001"/>
  <testcase name="validateCorrectCuisine{Cuisine}[5]" classname="com.company.modelTests.RecipeModelTest" time="0.001"/>
  <testcase name="validateCorrectCuisine{Cuisine}[6]" classname="com.company.modelTests.RecipeModelTest" time="0.001"/>
  <testcase name="validateCorrectCuisine{Cuisine}[7]" classname="com.company.modelTests.RecipeModelTest" time="0"/>
  <testcase name="validateCorrectCuisine{Cuisine}[8]" classname="com.company.modelTests.RecipeModelTest" time="0.001"/>
  <testcase name="validateCorrectCuisine{Cuisine}[9]" classname="com.company.modelTests.RecipeModelTest" time="0.001"/>
  <testcase name="validateCorrectCuisine{Cuisine}[10]" classname="com.company.modelTests.RecipeModelTest" time="0"/>
  <testcase name="validateCorrectCuisine{Cuisine}[11]" classname="com.company.modelTests.RecipeModelTest" time="0.001"/>
  <testcase name="validateCorrectCuisine{Cuisine}[12]" classname="com.company.modelTests.RecipeModelTest" time="0"/>
  <testcase name="validateCorrectCuisine{Cuisine}[13]" classname="com.company.modelTests.RecipeModelTest" time="0"/>
  <testcase name="validateIncorrectPreparationTime{String}[1]" classname="com.company.modelTests.RecipeModelTest" time="0.001"/>
  <testcase name="validateIncorrectPreparationTime{String}[2]" classname="com.company.modelTests.RecipeModelTest" time="0.001"/>
  <testcase name="validateIncorrectPreparationTime{String}[3]" classname="com.company.modelTests.RecipeModelTest" time="0.002"/>
  <testcase name="validateIncorrectPreparationTime{String}[4]" classname="com.company.modelTests.RecipeModelTest" time="0.001"/>
  <testcase name="validateIncorrectPreparationTime{String}[5]" classname="com.company.modelTests.RecipeModelTest" time="0"/>
  <testcase name="validateIncorrectPreparationTime{String}[6]" classname="com.company.modelTests.RecipeModelTest" time="0.001"/>
  <testcase name="validateIncorrectPreparationTime{String}[7]" classname="com.company.modelTests.RecipeModelTest" time="0.001"/>
  <testcase name="validateCorrectIngredients" classname="com.company.modelTests.RecipeModelTest" time="0.001"/>
  <testcase name="validateBlankIngredients" classname="com.company.modelTests.RecipeModelTest" time="0"/>
  <testcase name="validateCorrectPreparationTime{String}[1]" classname="com.company.modelTests.RecipeModelTest" time="0.001"/>
  <testcase name="validateCorrectPreparationTime{String}[2]" classname="com.company.modelTests.RecipeModelTest" time="0"/>
  <testcase name="validateCorrectPreparationTime{String}[3]" classname="com.company.modelTests.RecipeModelTest" time="0.001"/>
  <testcase name="validateCorrectPreparationTime{String}[4]" classname="com.company.modelTests.RecipeModelTest" time="0.001"/>
  <testcase name="validateBlankDish" classname="com.company.modelTests.RecipeModelTest" time="0.001"/>
  <testcase name="validateUpperAndLowerCaseAuthor{String}[1]" classname="com.company.modelTests.RecipeModelTest" time="0.015"/>
  <testcase name="validateUpperAndLowerCaseAuthor{String}[2]" classname="com.company.modelTests.RecipeModelTest" time="0.001"/>
  <testcase name="validateUpperAndLowerCaseAuthor{String}[3]" classname="com.company.modelTests.RecipeModelTest" time="0"/>
  <testcase name="validateUpperAndLowerCaseAuthor{String}[4]" classname="com.company.modelTests.RecipeModelTest" time="0.001"/>
  <testcase name="validateUpperAndLowerCaseAuthor{String}[5]" classname="com.company.modelTests.RecipeModelTest" time="0"/>
  <testcase name="validateNonExistingCuisine{String}[1]" classname="com.company.modelTests.RecipeModelTest" time="0.001"/>
  <testcase name="validateNonExistingCuisine{String}[2]" classname="com.company.modelTests.RecipeModelTest" time="0"/>
  <testcase name="validateNonExistingCuisine{String}[3]" classname="com.company.modelTests.RecipeModelTest" time="0"/>
  <testcase name="validateEmptyAuthor" classname="com.company.modelTests.RecipeModelTest" time="0.001"/>
  <testcase name="validateEmptyDish" classname="com.company.modelTests.RecipeModelTest" time="0.001"/>
  <testcase name="validateCorrectDish" classname="com.company.modelTests.RecipeModelTest" time="0"/>
  <testcase name="validateEmptyPreparationTime" classname="com.company.modelTests.RecipeModelTest" time="0.001"/>
  <testcase name="validateBlankAuthor" classname="com.company.modelTests.RecipeModelTest" time="0"/>
  <testcase name="createCorrectRecipeToCookBookTest" classname="com.company.modelTests.RecipeModelTest" time="0"/>
</testsuite>