<?xml version="1.0" encoding="UTF-8"?>
<testsuite xmlns:xsi="http://www.w3.org/2001/XMLSchema-instance" xsi:schemaLocation="https://maven.apache.org/surefire/maven-surefire-plugin/xsd/surefire-test-report.xsd" name="com.company.modelTests.CookBookTest" time="0.049" tests="11" errors="0" skipped="0" failures="0">
  <properties>
[...]
</properties>
  <testcase name="deleteExistingRecipeFromCookBookTest" classname="com.company.modelTests.CookBookTest" time="0.03"/>
  <testcase name="deleteRecipeWhichDoesntExistsFromCookBookTest" classname="com.company.modelTests.CookBookTest" time="0"/>
  <testcase name="modifyRecipeWithEmptyNameInCookBookTest" classname="com.company.modelTests.CookBookTest" time="0.004"/>
  <testcase name="modifyRecipeWithCorrectCookBookTest" classname="com.company.modelTests.CookBookTest" time="0.001"/>
  <testcase name="findRecipeWhichDoesntExistsInCookBookTest" classname="com.company.modelTests.CookBookTest" time="0.001"/>
  <testcase name="modifyRecipeWithBlankNameInCookBookTest" classname="com.company.modelTests.CookBookTest" time="0"/>
  <testcase name="addBlankRecipeToCookBookTest" classname="com.company.modelTests.CookBookTest" time="0"/>
  <testcase name="findExistingRecipeInCookBookTest" classname="com.company.modelTests.CookBookTest" time="0.001"/>
  <testcase name="addRecipeWithExistingNameToCookBookTest" classname="com.company.modelTests.CookBookTest" time="0.001"/>
  <testcase name="addCorrectRecipeToCookBookTest" classname="com.company.modelTests.CookBookTest" time="0"/>
  <testcase name="modifyRecipeWithExistingNameInCookBookTest" classname="com.company.modelTests.CookBookTest" time="0.001"/>
</testsuite>